<?xml version="1.0" encoding="UTF-8"?>
<testng-results ignored="0" total="2" passed="2" failed="0" skipped="0">
  <reporter-output>
  </reporter-output>
  <suite started-at="2023-11-06T12:20:18 IST" name="Default suite" finished-at="2023-11-06T12:22:32 IST" duration-ms="133964">
    <groups>
      <group name="cucumber">
        <method signature="AbstractTestNGCucumberTests.runScenario(io.cucumber.testng.PickleWrapper,io.cucumber.testng.FeatureWrapper)[pri:0, instance:Cucumber1.Runner@233795b6]" name="runScenario" class="io.cucumber.testng.AbstractTestNGCucumberTests"/>
      </group> <!-- cucumber -->
    </groups>
    <test started-at="2023-11-06T12:20:18 IST" name="Default test" finished-at="2023-11-06T12:22:32 IST" duration-ms="133964">
      <class name="Cucumber1.Runner">
        <test-method is-config="true" signature="setUpClass(org.testng.ITestContext)[pri:0, instance:Cucumber1.Runner@233795b6]" started-at="2023-11-06T12:20:18 IST" name="setUpClass" finished-at="2023-11-06T12:20:18 IST" duration-ms="497" status="PASS">
          <params>
            <param index="0">
              <value>
                <![CDATA[org.testng.TestRunner@7d401cdc]]>
              </value>
            </param>
          </params>
          <reporter-output>
          </reporter-output>
        </test-method> <!-- setUpClass -->
        <test-method signature="runScenario(io.cucumber.testng.PickleWrapper,io.cucumber.testng.FeatureWrapper)[pri:0, instance:Cucumber1.Runner@233795b6]" started-at="2023-11-06T12:20:18 IST" name="runScenario" description="Runs Cucumber Scenarios" data-provider="scenarios" finished-at="2023-11-06T12:21:28 IST" duration-ms="70157" status="PASS">
          <params>
            <param index="0">
              <value>
                <![CDATA["Login with Valid credentials"]]>
              </value>
            </param>
            <param index="1">
              <value>
                <![CDATA["Login to HRM application using valid and invalid Credentials"]]>
              </value>
            </param>
          </params>
          <reporter-output>
          </reporter-output>
        </test-method> <!-- runScenario -->
        <test-method signature="runScenario(io.cucumber.testng.PickleWrapper,io.cucumber.testng.FeatureWrapper)[pri:0, instance:Cucumber1.Runner@233795b6]" started-at="2023-11-06T12:21:28 IST" name="runScenario" description="Runs Cucumber Scenarios" data-provider="scenarios" finished-at="2023-11-06T12:22:30 IST" duration-ms="61888" status="PASS">
          <params>
            <param index="0">
              <value>
                <![CDATA["Login with InValid credentials"]]>
              </value>
            </param>
            <param index="1">
              <value>
                <![CDATA["Login to HRM application using valid and invalid Credentials"]]>
              </value>
            </param>
          </params>
          <reporter-output>
          </reporter-output>
        </test-method> <!-- runScenario -->
        <test-method is-config="true" signature="tearDownClass()[pri:0, instance:Cucumber1.Runner@233795b6]" started-at="2023-11-06T12:22:30 IST" name="tearDownClass" finished-at="2023-11-06T12:22:32 IST" duration-ms="1375" status="PASS">
          <reporter-output>
          </reporter-output>
        </test-method> <!-- tearDownClass -->
      </class> <!-- Cucumber1.Runner -->
    </test> <!-- Default test -->
  </suite> <!-- Default suite -->
</testng-results>
